---------------------- Mon Mar  7 15:53:57 PST 2016 ----------------------
---------------------- Mon Mar  7 16:11:26 PST 2016 ----------------------
user coderdojo
appinventor/bin/startup.sh: line 18: syntax error near unexpected token `('
appinventor/bin/startup.sh: line 18: `sudo -u "$user" ('
---------------------- Mon Mar  7 16:13:25 PST 2016 ----------------------
user coderdojo
appinventor/bin/startup.sh: line 18: syntax error near unexpected token `('
appinventor/bin/startup.sh: line 18: `sudo -u "$user" ('
---------------------- Mon Mar  7 16:20:07 PST 2016 ----------------------
user coderdojo
appinventor/bin/startup.sh: line 18: syntax error near unexpected token `('
appinventor/bin/startup.sh: line 18: `sudo -u "$user" ('
---------------------- Mon Mar  7 16:26:52 PST 2016 ----------------------
user coderdojo
appinventor/bin/startup.sh: line 18: syntax error near unexpected token `('
appinventor/bin/startup.sh: line 18: `sudo -u "$user" ('
---------------------- Mon Mar  7 16:29:58 PST 2016 ----------------------
user coderdojo
bash: : No such file or directory
bash: : No such file or directory
---------------------- Mon Mar  7 16:33:01 PST 2016 ----------------------
user coderdojo
/bin/bash: : No such file or directory
/bin/bash: : No such file or directory
---------------------- Mon Mar  7 16:35:28 PST 2016 ----------------------
user coderdojo
---------------------- Tue Mar  8 02:10:43 PST 2016 ----------------------
user coderdojo
---------------------- Tue Mar  8 02:31:02 PST 2016 ----------------------
user coderdojo
---------------------- Tue Mar  8 02:32:14 PST 2016 ----------------------
user coderdojo
---------------------- Tue Mar  8 02:33:32 PST 2016 ----------------------
user coderdojo
---------------------- Tue Mar  8 02:35:31 PST 2016 ----------------------
user coderdojo
---------------------- Tue Mar  8 02:37:25 PST 2016 ----------------------
user coderdojo
---------------------- Tue Mar  8 02:41:46 PST 2016 ----------------------
user coderdojo
sudo: unable to resolve host offline-material
sudo: unable to resolve host offline-material
---------------------- Tue Mar  8 10:35:14 PST 2016 ----------------------
user coderdojo
sudo: unable to resolve host offline-material
sudo: unable to resolve host offline-material
---------------------- Wed Mar  9 00:20:18 PST 2016 ----------------------
user coderdojo
sudo: unable to resolve host offline-material
sudo: unable to resolve host offline-material
---------------------- Wed Mar  9 10:54:28 PST 2016 ----------------------
user coderdojo
---------------------- Thu Mar 10 05:02:11 PST 2016 ----------------------
user coderdojo
---------------------- Thu Mar 10 11:58:34 PST 2016 ----------------------
user coderdojo
---------------------- Wed Mar 30 02:57:25 PDT 2016 ----------------------
user coderdojo
---------------------- Wed Mar 30 04:36:20 PDT 2016 ----------------------
user coderdojo
---------------------- Wed Mar 30 05:10:39 PDT 2016 ----------------------
user coderdojo
---------------------- Wed Mar 30 05:13:02 PDT 2016 ----------------------
user coderdojo
---------------------- Wed Mar 30 05:19:24 PDT 2016 ----------------------
user coderdojo
---------------------- Wed Mar 30 05:25:47 PDT 2016 ----------------------
user coderdojo
---------------------- Wed Mar 30 05:34:27 PDT 2016 ----------------------
user coderdojo
---------------------- Wed Mar 30 05:55:33 PDT 2016 ----------------------
user coderdojo
---------------------- Wed Mar 30 05:58:23 PDT 2016 ----------------------
user coderdojo
---------------------- Wed Mar 30 09:23:26 PDT 2016 ----------------------
user coderdojo
---------------------- Wed Mar 30 12:53:56 PDT 2016 ----------------------
user coderdojo
